<?xml version="1.0" encoding="UTF-8"?>
<!-- Generated by org.testng.reporters.JUnitXMLReporter -->
<testsuite ignored="0" hostname="DESKTOP-FIUAS18" failures="0" tests="5" name="ChromeTest" time="9.244" errors="0" timestamp="2022-10-09T10:12:10 IST">
  <testcase classname="com.sauceDemo.TestClasses.TC03_VerifyAddToCartFuctionality" name="verifyAddToCart" time="0.153"/>
  <testcase classname="com.sauceDemo.TestClasses.TC04_VerifyAllProductsFuctionality" name="verifyAllProducts" time="0.628"/>
  <testcase classname="com.sauceDemo.TestClasses.TC01_VerifyLoginFuctionality" name="VerifyLoginFunctinality" time="0.687"/>
  <testcase classname="com.sauceDemo.TestClasses.TC05_VerifyFilterFunctionality" name="verifyFilterDropDown" time="0.408"/>
  <testcase classname="com.sauceDemo.TestClasses.TC02_VerifyLogoutFuctionality" name="verifyLogoutFunctionality" time="0.416"/>
</testsuite> <!-- ChromeTest -->
