<?xml version="1.0" encoding="UTF-8"?>
<!-- Generated by org.testng.reporters.JUnitXMLReporter -->
<testsuite ignored="0" hostname="DESKTOP-FIUAS18" failures="0" tests="5" name="Test" time="20.255" errors="0" timestamp="2022-10-09T09:01:16 IST">
  <testcase classname="com.sauceDemo.TestClasses.TC03_VerifyAddToCartFuctionality" name="verifyAddToCart" time="0.334"/>
  <testcase classname="com.sauceDemo.TestClasses.TC04_VerifyAllProductsFuctionality" name="verifyAllProducts" time="0.639"/>
  <testcase classname="com.sauceDemo.TestClasses.TC01_VerifyLoginFuctionality" name="VerifyLoginFunctinality" time="0.014"/>
  <testcase classname="com.sauceDemo.TestClasses.TC05_VerifyFilterFunctionality" name="verifyFilterDropDown" time="0.386"/>
  <testcase classname="com.sauceDemo.TestClasses.TC02_VerifyLogoutFuctionality" name="verifyLogoutFunctionality" time="0.278"/>
</testsuite> <!-- Test -->
